2024-01-24 12:58:36,991 INFO o.a.j.u.JMeterUtils: Setting Locale to en_EN
2024-01-24 12:58:37,006 INFO o.a.j.JMeter: Loading user properties from: /usr/bin/jmeter/bin/user.properties
2024-01-24 12:58:37,006 INFO o.a.j.JMeter: Loading system properties from: /usr/bin/jmeter/bin/system.properties
2024-01-24 12:58:37,010 INFO o.a.j.JMeter: Copyright (c) 1998-2024 The Apache Software Foundation
2024-01-24 12:58:37,010 INFO o.a.j.JMeter: Version 5.6.3
2024-01-24 12:58:37,010 INFO o.a.j.JMeter: java.version=17.0.9
2024-01-24 12:58:37,010 INFO o.a.j.JMeter: java.vm.name=OpenJDK 64-Bit Server VM
2024-01-24 12:58:37,011 INFO o.a.j.JMeter: os.name=Linux
2024-01-24 12:58:37,011 INFO o.a.j.JMeter: os.arch=amd64
2024-01-24 12:58:37,011 INFO o.a.j.JMeter: os.version=5.15.0-91-generic
2024-01-24 12:58:37,011 INFO o.a.j.JMeter: file.encoding=UTF-8
2024-01-24 12:58:37,011 INFO o.a.j.JMeter: java.awt.headless=null
2024-01-24 12:58:37,011 INFO o.a.j.JMeter: Max memory     =1073741824
2024-01-24 12:58:37,011 INFO o.a.j.JMeter: Available Processors =8
2024-01-24 12:58:37,019 INFO o.a.j.JMeter: Default Locale=English (EN)
2024-01-24 12:58:37,019 INFO o.a.j.JMeter: JMeter  Locale=English (EN)
2024-01-24 12:58:37,020 INFO o.a.j.JMeter: JMeterHome=/usr/bin/jmeter
2024-01-24 12:58:37,020 INFO o.a.j.JMeter: user.dir  =/home/maheboob/Documents/SQS
2024-01-24 12:58:37,020 INFO o.a.j.JMeter: PWD       =/home/maheboob/Documents/SQS
2024-01-24 12:58:37,020 INFO o.a.j.JMeter: IP: 127.0.1.1 Name: maheboob FullName: maheboob
2024-01-24 12:58:37,029 INFO o.a.j.JMeter: Loaded icon properties from org/apache/jmeter/images/icon.properties
2024-01-24 12:58:37,192 INFO o.a.j.JMeterGuiLauncher: Setting LAF to: laf:javax.swing.plaf.metal.MetalLookAndFeel
2024-01-24 12:58:50,051 INFO o.a.j.s.FileServer: Default base='/home/maheboob/Documents/SQS'
2024-01-24 12:58:50,053 INFO o.a.j.g.a.Load: Loading file: /home/maheboob/Documents/Reports/Sourcing/Sourcing.jmx
2024-01-24 12:58:50,053 INFO o.a.j.s.FileServer: Set new base='/home/maheboob/Documents/Reports/Sourcing'
2024-01-24 12:58:50,177 INFO o.a.j.s.SaveService: Testplan (JMX) version: 2.2. Testlog (JTL) version: 2.2
2024-01-24 12:58:50,184 INFO o.a.j.s.SaveService: Using SaveService properties version 5.0
2024-01-24 12:58:50,185 INFO o.a.j.s.SaveService: Using SaveService properties file encoding UTF-8
2024-01-24 12:58:50,186 INFO o.a.j.s.SaveService: Loading file: /home/maheboob/Documents/Reports/Sourcing/Sourcing.jmx
2024-01-24 12:58:50,203 INFO o.a.j.p.h.s.HTTPSamplerBase: Parser for text/html is org.apache.jmeter.protocol.http.parser.LagartoBasedHtmlParser
2024-01-24 12:58:50,203 INFO o.a.j.p.h.s.HTTPSamplerBase: Parser for application/xhtml+xml is org.apache.jmeter.protocol.http.parser.LagartoBasedHtmlParser
2024-01-24 12:58:50,203 INFO o.a.j.p.h.s.HTTPSamplerBase: Parser for application/xml is org.apache.jmeter.protocol.http.parser.LagartoBasedHtmlParser
2024-01-24 12:58:50,203 INFO o.a.j.p.h.s.HTTPSamplerBase: Parser for text/xml is org.apache.jmeter.protocol.http.parser.LagartoBasedHtmlParser
2024-01-24 12:58:50,203 INFO o.a.j.p.h.s.HTTPSamplerBase: Parser for text/vnd.wap.wml is org.apache.jmeter.protocol.http.parser.RegexpHTMLParser
2024-01-24 12:58:50,203 INFO o.a.j.p.h.s.HTTPSamplerBase: Parser for text/css is org.apache.jmeter.protocol.http.parser.CssParser
2024-01-24 12:58:50,434 INFO o.a.j.s.SampleResult: Note: Sample TimeStamps are START times
2024-01-24 12:58:50,434 INFO o.a.j.s.SampleResult: sampleresult.default.encoding is set to UTF-8
2024-01-24 12:58:50,434 INFO o.a.j.s.SampleResult: sampleresult.useNanoTime=true
2024-01-24 12:58:50,434 INFO o.a.j.s.SampleResult: sampleresult.nanoThreadSleep=5000
2024-01-24 12:58:51,560 INFO o.a.j.s.FileServer: Set new base='/home/maheboob/Documents/Reports/Sourcing'
